{"D:\\программирование\\dev\\stellar-burgers\\src\\services\\slices\\constructorSlice.ts": {"path":"D:\\программирование\\dev\\stellar-burgers\\src\\services\\slices\\constructorSlice.ts","statementMap":{"0":{"start":{"line":1,"column":0},"end":{"line":1,"column":62}},"1":{"start":{"line":3,"column":0},"end":{"line":3,"column":36}},"2":{"start":{"line":10,"column":13},"end":{"line":13,"column":2}},"3":{"start":{"line":15,"column":25},"end":{"line":60,"column":2}},"4":{"start":{"line":24,"column":27},"end":{"line":24,"column":41}},"5":{"start":{"line":26,"column":8},"end":{"line":30,"column":9}},"6":{"start":{"line":27,"column":10},"end":{"line":27,"column":33}},"7":{"start":{"line":29,"column":10},"end":{"line":29,"column":71}},"8":{"start":{"line":32,"column":44},"end":{"line":37,"column":null}},"9":{"start":{"line":40,"column":6},"end":{"line":40,"column":50}},"10":{"start":{"line":46,"column":27},"end":{"line":46,"column":41}},"11":{"start":{"line":46,"column":18},"end":{"line":46,"column":20}},"12":{"start":{"line":46,"column":22},"end":{"line":46,"column":27}},"13":{"start":{"line":47,"column":25},"end":{"line":47,"column":48}},"14":{"start":{"line":48,"column":6},"end":{"line":48,"column":40}},"15":{"start":{"line":49,"column":6},"end":{"line":49,"column":50}},"16":{"start":{"line":52,"column":6},"end":{"line":52,"column":23}},"17":{"start":{"line":53,"column":6},"end":{"line":53,"column":29}},"18":{"start":{"line":57,"column":23},"end":{"line":57,"column":null}},"19":{"start":{"line":58,"column":31},"end":{"line":58,"column":null}},"20":{"start":{"line":62,"column":15},"end":{"line":62,"column":42}},"21":{"start":{"line":65,"column":2},"end":{"line":68,"column":null}},"22":{"start":{"line":71,"column":0},"end":{"line":71,"column":40}}},"fnMap":{"0":{"name":"(anonymous_2)","decl":{"start":{"line":20,"column":15},"end":{"line":20,"column":null}},"loc":{"start":{"line":22,"column":67},"end":{"line":31,"column":7}}},"1":{"name":"(anonymous_3)","decl":{"start":{"line":32,"column":15},"end":{"line":32,"column":16}},"loc":{"start":{"line":32,"column":39},"end":{"line":32,"column":45}}},"2":{"name":"(anonymous_4)","decl":{"start":{"line":39,"column":37},"end":{"line":39,"column":38}},"loc":{"start":{"line":39,"column":74},"end":{"line":41,"column":5}}},"3":{"name":"(anonymous_5)","decl":{"start":{"line":42,"column":33},"end":{"line":42,"column":null}},"loc":{"start":{"line":44,"column":57},"end":{"line":50,"column":5}}},"4":{"name":"(anonymous_6)","decl":{"start":{"line":51,"column":22},"end":{"line":51,"column":23}},"loc":{"start":{"line":51,"column":28},"end":{"line":54,"column":5}}},"5":{"name":"(anonymous_7)","decl":{"start":{"line":57,"column":12},"end":{"line":57,"column":13}},"loc":{"start":{"line":57,"column":18},"end":{"line":57,"column":28}}},"6":{"name":"(anonymous_8)","decl":{"start":{"line":58,"column":20},"end":{"line":58,"column":21}},"loc":{"start":{"line":58,"column":26},"end":{"line":58,"column":36}}}},"branchMap":{"0":{"loc":{"start":{"line":26,"column":8},"end":{"line":30,"column":9}},"type":"if","locations":[{"start":{"line":26,"column":8},"end":{"line":30,"column":9}},{"start":{"line":28,"column":15},"end":{"line":30,"column":9}}]},"1":{"loc":{"start":{"line":34,"column":10},"end":{"line":36,"column":73}},"type":"cond-expr","locations":[{"start":{"line":35,"column":14},"end":{"line":35,"column":24}},{"start":{"line":36,"column":15},"end":{"line":36,"column":73}}]}},"s":{"0":1,"1":1,"2":1,"3":1,"4":12,"5":12,"6":4,"7":8,"8":12,"9":1,"10":1,"11":1,"12":1,"13":1,"14":1,"15":1,"16":1,"17":1,"18":0,"19":0,"20":1,"21":1,"22":1},"f":{"0":12,"1":12,"2":1,"3":1,"4":1,"5":0,"6":0},"b":{"0":[4,8],"1":[4,8]}}
,"D:\\программирование\\dev\\stellar-burgers\\src\\services\\slices\\feedSlice.ts": {"path":"D:\\программирование\\dev\\stellar-burgers\\src\\services\\slices\\feedSlice.ts","statementMap":{"0":{"start":{"line":1,"column":0},"end":{"line":1,"column":65}},"1":{"start":{"line":2,"column":0},"end":{"line":2,"column":35}},"2":{"start":{"line":13,"column":33},"end":{"line":19,"column":2}},"3":{"start":{"line":21,"column":13},"end":{"line":24,"column":3}},"4":{"start":{"line":21,"column":60},"end":{"line":24,"column":2}},"5":{"start":{"line":22,"column":15},"end":{"line":22,"column":null}},"6":{"start":{"line":22,"column":8},"end":{"line":22,"column":null}},"7":{"start":{"line":23,"column":2},"end":{"line":23,"column":14}},"8":{"start":{"line":26,"column":18},"end":{"line":47,"column":2}},"9":{"start":{"line":31,"column":4},"end":{"line":45,"column":9}},"10":{"start":{"line":33,"column":8},"end":{"line":33,"column":29}},"11":{"start":{"line":34,"column":8},"end":{"line":34,"column":27}},"12":{"start":{"line":37,"column":8},"end":{"line":37,"column":30}},"13":{"start":{"line":38,"column":8},"end":{"line":38,"column":45}},"14":{"start":{"line":39,"column":8},"end":{"line":39,"column":43}},"15":{"start":{"line":40,"column":8},"end":{"line":40,"column":53}},"16":{"start":{"line":43,"column":8},"end":{"line":43,"column":30}},"17":{"start":{"line":44,"column":8},"end":{"line":44,"column":70}},"18":{"start":{"line":49,"column":0},"end":{"line":49,"column":33}}},"fnMap":{"0":{"name":"(anonymous_13)","decl":{"start":{"line":21,"column":60},"end":{"line":21,"column":null}},"loc":{"start":{"line":21,"column":60},"end":{"line":24,"column":2}}},"1":{"name":"(anonymous_16)","decl":{"start":{"line":30,"column":17},"end":{"line":30,"column":18}},"loc":{"start":{"line":30,"column":25},"end":{"line":46,"column":3}}},"2":{"name":"(anonymous_17)","decl":{"start":{"line":32,"column":35},"end":{"line":32,"column":36}},"loc":{"start":{"line":32,"column":41},"end":{"line":35,"column":7}}},"3":{"name":"(anonymous_18)","decl":{"start":{"line":36,"column":37},"end":{"line":36,"column":38}},"loc":{"start":{"line":36,"column":51},"end":{"line":41,"column":7}}},"4":{"name":"(anonymous_19)","decl":{"start":{"line":42,"column":36},"end":{"line":42,"column":37}},"loc":{"start":{"line":42,"column":50},"end":{"line":45,"column":7}}}},"branchMap":{"0":{"loc":{"start":{"line":22,"column":15},"end":{"line":22,"column":null}},"type":"switch","locations":[{"start":{"line":22,"column":15},"end":{"line":22,"column":null}}]},"1":{"loc":{"start":{"line":44,"column":22},"end":{"line":44,"column":69}},"type":"binary-expr","locations":[{"start":{"line":44,"column":22},"end":{"line":44,"column":42}},{"start":{"line":44,"column":46},"end":{"line":44,"column":69}}]}},"s":{"0":0,"1":0,"2":0,"3":0,"4":0,"5":0,"6":0,"7":0,"8":0,"9":0,"10":0,"11":0,"12":0,"13":0,"14":0,"15":0,"16":0,"17":0,"18":0},"f":{"0":0,"1":0,"2":0,"3":0,"4":0},"b":{"0":[0],"1":[0,0]}}
,"D:\\программирование\\dev\\stellar-burgers\\src\\services\\slices\\ingredientsSlice.ts": {"path":"D:\\программирование\\dev\\stellar-burgers\\src\\services\\slices\\ingredientsSlice.ts","statementMap":{"0":{"start":{"line":1,"column":0},"end":{"line":1,"column":65}},"1":{"start":{"line":2,"column":0},"end":{"line":2,"column":41}},"2":{"start":{"line":11,"column":40},"end":{"line":15,"column":2}},"3":{"start":{"line":17,"column":13},"end":{"line":23,"column":2}},"4":{"start":{"line":19,"column":2},"end":{"line":22,"column":null}},"5":{"start":{"line":20,"column":17},"end":{"line":20,"column":null}},"6":{"start":{"line":20,"column":10},"end":{"line":20,"column":null}},"7":{"start":{"line":21,"column":4},"end":{"line":21,"column":16}},"8":{"start":{"line":25,"column":25},"end":{"line":44,"column":2}},"9":{"start":{"line":30,"column":4},"end":{"line":42,"column":9}},"10":{"start":{"line":32,"column":8},"end":{"line":32,"column":29}},"11":{"start":{"line":33,"column":8},"end":{"line":33,"column":27}},"12":{"start":{"line":36,"column":8},"end":{"line":36,"column":30}},"13":{"start":{"line":37,"column":8},"end":{"line":37,"column":36}},"14":{"start":{"line":40,"column":8},"end":{"line":40,"column":30}},"15":{"start":{"line":41,"column":8},"end":{"line":41,"column":76}},"16":{"start":{"line":46,"column":0},"end":{"line":46,"column":40}}},"fnMap":{"0":{"name":"(anonymous_13)","decl":{"start":{"line":19,"column":2},"end":{"line":19,"column":null}},"loc":{"start":{"line":19,"column":2},"end":{"line":22,"column":null}}},"1":{"name":"(anonymous_16)","decl":{"start":{"line":29,"column":17},"end":{"line":29,"column":18}},"loc":{"start":{"line":29,"column":25},"end":{"line":43,"column":3}}},"2":{"name":"(anonymous_17)","decl":{"start":{"line":31,"column":41},"end":{"line":31,"column":42}},"loc":{"start":{"line":31,"column":47},"end":{"line":34,"column":7}}},"3":{"name":"(anonymous_18)","decl":{"start":{"line":35,"column":43},"end":{"line":35,"column":44}},"loc":{"start":{"line":35,"column":57},"end":{"line":38,"column":7}}},"4":{"name":"(anonymous_19)","decl":{"start":{"line":39,"column":42},"end":{"line":39,"column":43}},"loc":{"start":{"line":39,"column":56},"end":{"line":42,"column":7}}}},"branchMap":{"0":{"loc":{"start":{"line":20,"column":17},"end":{"line":20,"column":null}},"type":"switch","locations":[{"start":{"line":20,"column":17},"end":{"line":20,"column":null}}]},"1":{"loc":{"start":{"line":41,"column":22},"end":{"line":41,"column":75}},"type":"binary-expr","locations":[{"start":{"line":41,"column":22},"end":{"line":41,"column":42}},{"start":{"line":41,"column":46},"end":{"line":41,"column":75}}]}},"s":{"0":1,"1":1,"2":1,"3":1,"4":0,"5":0,"6":0,"7":0,"8":1,"9":1,"10":1,"11":1,"12":1,"13":1,"14":1,"15":1,"16":1},"f":{"0":0,"1":1,"2":1,"3":1,"4":1},"b":{"0":[0],"1":[1,0]}}
,"D:\\программирование\\dev\\stellar-burgers\\src\\services\\slices\\orderSlice.ts": {"path":"D:\\программирование\\dev\\stellar-burgers\\src\\services\\slices\\orderSlice.ts","statementMap":{"0":{"start":{"line":1,"column":0},"end":{"line":1,"column":65}},"1":{"start":{"line":2,"column":0},"end":{"line":2,"column":59}},"2":{"start":{"line":3,"column":0},"end":{"line":3,"column":54}},"3":{"start":{"line":14,"column":34},"end":{"line":20,"column":2}},"4":{"start":{"line":22,"column":13},"end":{"line":46,"column":2}},"5":{"start":{"line":24,"column":2},"end":{"line":45,"column":null}},"6":{"start":{"line":24,"column":35},"end":{"line":24,"column":37}},"7":{"start":{"line":24,"column":52},"end":{"line":24,"column":54}},"8":{"start":{"line":26,"column":23},"end":{"line":26,"column":null}},"9":{"start":{"line":26,"column":12},"end":{"line":26,"column":null}},"10":{"start":{"line":27,"column":6},"end":{"line":27,"column":35}},"11":{"start":{"line":29,"column":12},"end":{"line":37,"column":8}},"12":{"start":{"line":39,"column":6},"end":{"line":39,"column":23}},"13":{"start":{"line":41,"column":6},"end":{"line":43,"column":8}},"14":{"start":{"line":48,"column":13},"end":{"line":54,"column":2}},"15":{"start":{"line":50,"column":23},"end":{"line":53,"column":null}},"16":{"start":{"line":51,"column":21},"end":{"line":51,"column":null}},"17":{"start":{"line":51,"column":10},"end":{"line":51,"column":null}},"18":{"start":{"line":52,"column":4},"end":{"line":52,"column":30}},"19":{"start":{"line":56,"column":19},"end":{"line":93,"column":2}},"20":{"start":{"line":61,"column":6},"end":{"line":61,"column":34}},"21":{"start":{"line":65,"column":4},"end":{"line":91,"column":9}},"22":{"start":{"line":68,"column":8},"end":{"line":68,"column":34}},"23":{"start":{"line":69,"column":8},"end":{"line":69,"column":27}},"24":{"start":{"line":72,"column":8},"end":{"line":72,"column":35}},"25":{"start":{"line":73,"column":8},"end":{"line":73,"column":46}},"26":{"start":{"line":76,"column":8},"end":{"line":76,"column":35}},"27":{"start":{"line":77,"column":8},"end":{"line":77,"column":71}},"28":{"start":{"line":81,"column":8},"end":{"line":81,"column":31}},"29":{"start":{"line":82,"column":8},"end":{"line":82,"column":27}},"30":{"start":{"line":85,"column":8},"end":{"line":85,"column":32}},"31":{"start":{"line":86,"column":8},"end":{"line":86,"column":45}},"32":{"start":{"line":89,"column":8},"end":{"line":89,"column":32}},"33":{"start":{"line":90,"column":8},"end":{"line":90,"column":72}},"34":{"start":{"line":95,"column":15},"end":{"line":95,"column":54}},"35":{"start":{"line":96,"column":0},"end":{"line":96,"column":34}}},"fnMap":{"0":{"name":"(anonymous_13)","decl":{"start":{"line":24,"column":2},"end":{"line":24,"column":9}},"loc":{"start":{"line":24,"column":2},"end":{"line":45,"column":null}}},"1":{"name":"(anonymous_16)","decl":{"start":{"line":50,"column":2},"end":{"line":50,"column":9}},"loc":{"start":{"line":50,"column":23},"end":{"line":53,"column":null}}},"2":{"name":"(anonymous_17)","decl":{"start":{"line":50,"column":23},"end":{"line":50,"column":null}},"loc":{"start":{"line":50,"column":23},"end":{"line":53,"column":null}}},"3":{"name":"(anonymous_19)","decl":{"start":{"line":60,"column":21},"end":{"line":60,"column":22}},"loc":{"start":{"line":60,"column":27},"end":{"line":62,"column":5}}},"4":{"name":"(anonymous_20)","decl":{"start":{"line":64,"column":17},"end":{"line":64,"column":18}},"loc":{"start":{"line":64,"column":25},"end":{"line":92,"column":3}}},"5":{"name":"(anonymous_21)","decl":{"start":{"line":67,"column":36},"end":{"line":67,"column":37}},"loc":{"start":{"line":67,"column":42},"end":{"line":70,"column":7}}},"6":{"name":"(anonymous_22)","decl":{"start":{"line":71,"column":38},"end":{"line":71,"column":39}},"loc":{"start":{"line":71,"column":52},"end":{"line":74,"column":7}}},"7":{"name":"(anonymous_23)","decl":{"start":{"line":75,"column":37},"end":{"line":75,"column":38}},"loc":{"start":{"line":75,"column":51},"end":{"line":78,"column":7}}},"8":{"name":"(anonymous_24)","decl":{"start":{"line":80,"column":41},"end":{"line":80,"column":42}},"loc":{"start":{"line":80,"column":47},"end":{"line":83,"column":7}}},"9":{"name":"(anonymous_25)","decl":{"start":{"line":84,"column":43},"end":{"line":84,"column":44}},"loc":{"start":{"line":84,"column":57},"end":{"line":87,"column":7}}},"10":{"name":"(anonymous_26)","decl":{"start":{"line":88,"column":42},"end":{"line":88,"column":43}},"loc":{"start":{"line":88,"column":56},"end":{"line":91,"column":7}}}},"branchMap":{"0":{"loc":{"start":{"line":42,"column":8},"end":{"line":42,"column":64}},"type":"cond-expr","locations":[{"start":{"line":42,"column":32},"end":{"line":42,"column":36}},{"start":{"line":42,"column":36},"end":{"line":42,"column":64}}]},"1":{"loc":{"start":{"line":42,"column":8},"end":{"line":42,"column":36}},"type":"binary-expr","locations":[{"start":{"line":42,"column":8},"end":{"line":42,"column":36}},{"start":{"line":42,"column":32},"end":{"line":42,"column":36}}]},"2":{"loc":{"start":{"line":51,"column":21},"end":{"line":51,"column":null}},"type":"switch","locations":[{"start":{"line":51,"column":21},"end":{"line":51,"column":null}}]},"3":{"loc":{"start":{"line":77,"column":22},"end":{"line":77,"column":70}},"type":"binary-expr","locations":[{"start":{"line":77,"column":22},"end":{"line":77,"column":42}},{"start":{"line":77,"column":46},"end":{"line":77,"column":70}}]},"4":{"loc":{"start":{"line":90,"column":22},"end":{"line":90,"column":71}},"type":"binary-expr","locations":[{"start":{"line":90,"column":22},"end":{"line":90,"column":42}},{"start":{"line":90,"column":46},"end":{"line":90,"column":71}}]}},"s":{"0":0,"1":0,"2":0,"3":0,"4":0,"5":0,"6":0,"7":0,"8":0,"9":0,"10":0,"11":0,"12":0,"13":0,"14":0,"15":0,"16":0,"17":0,"18":0,"19":0,"20":0,"21":0,"22":0,"23":0,"24":0,"25":0,"26":0,"27":0,"28":0,"29":0,"30":0,"31":0,"32":0,"33":0,"34":0,"35":0},"f":{"0":0,"1":0,"2":0,"3":0,"4":0,"5":0,"6":0,"7":0,"8":0,"9":0,"10":0},"b":{"0":[0,0],"1":[0,0],"2":[0],"3":[0,0],"4":[0,0]}}
,"D:\\программирование\\dev\\stellar-burgers\\src\\services\\slices\\ordersHistorySlice.ts": {"path":"D:\\программирование\\dev\\stellar-burgers\\src\\services\\slices\\ordersHistorySlice.ts","statementMap":{"0":{"start":{"line":1,"column":0},"end":{"line":1,"column":65}},"1":{"start":{"line":2,"column":0},"end":{"line":2,"column":36}},"2":{"start":{"line":11,"column":42},"end":{"line":15,"column":2}},"3":{"start":{"line":17,"column":13},"end":{"line":20,"column":2}},"4":{"start":{"line":19,"column":2},"end":{"line":19,"column":null}},"5":{"start":{"line":19,"column":14},"end":{"line":19,"column":null}},"6":{"start":{"line":22,"column":27},"end":{"line":46,"column":2}},"7":{"start":{"line":27,"column":26},"end":{"line":27,"column":null}},"8":{"start":{"line":28,"column":39},"end":{"line":28,"column":null}},"9":{"start":{"line":29,"column":37},"end":{"line":29,"column":null}},"10":{"start":{"line":32,"column":4},"end":{"line":44,"column":9}},"11":{"start":{"line":34,"column":8},"end":{"line":34,"column":29}},"12":{"start":{"line":35,"column":8},"end":{"line":35,"column":27}},"13":{"start":{"line":38,"column":8},"end":{"line":38,"column":30}},"14":{"start":{"line":39,"column":8},"end":{"line":39,"column":38}},"15":{"start":{"line":42,"column":8},"end":{"line":42,"column":30}},"16":{"start":{"line":43,"column":8},"end":{"line":43,"column":80}},"17":{"start":{"line":48,"column":15},"end":{"line":48,"column":null}},"18":{"start":{"line":51,"column":0},"end":{"line":51,"column":42}}},"fnMap":{"0":{"name":"(anonymous_13)","decl":{"start":{"line":19,"column":2},"end":{"line":19,"column":14}},"loc":{"start":{"line":19,"column":2},"end":{"line":19,"column":null}}},"1":{"name":"(anonymous_16)","decl":{"start":{"line":27,"column":15},"end":{"line":27,"column":16}},"loc":{"start":{"line":27,"column":21},"end":{"line":27,"column":31}}},"2":{"name":"(anonymous_17)","decl":{"start":{"line":28,"column":28},"end":{"line":28,"column":29}},"loc":{"start":{"line":28,"column":34},"end":{"line":28,"column":44}}},"3":{"name":"(anonymous_18)","decl":{"start":{"line":29,"column":26},"end":{"line":29,"column":27}},"loc":{"start":{"line":29,"column":32},"end":{"line":29,"column":42}}},"4":{"name":"(anonymous_19)","decl":{"start":{"line":31,"column":17},"end":{"line":31,"column":18}},"loc":{"start":{"line":31,"column":25},"end":{"line":45,"column":3}}},"5":{"name":"(anonymous_20)","decl":{"start":{"line":33,"column":43},"end":{"line":33,"column":44}},"loc":{"start":{"line":33,"column":49},"end":{"line":36,"column":7}}},"6":{"name":"(anonymous_21)","decl":{"start":{"line":37,"column":45},"end":{"line":37,"column":46}},"loc":{"start":{"line":37,"column":59},"end":{"line":40,"column":7}}},"7":{"name":"(anonymous_22)","decl":{"start":{"line":41,"column":44},"end":{"line":41,"column":45}},"loc":{"start":{"line":41,"column":58},"end":{"line":44,"column":7}}}},"branchMap":{"0":{"loc":{"start":{"line":19,"column":14},"end":{"line":19,"column":null}},"type":"switch","locations":[{"start":{"line":19,"column":14},"end":{"line":19,"column":null}},{"start":{"line":19,"column":14},"end":{"line":19,"column":null}}]},"1":{"loc":{"start":{"line":43,"column":22},"end":{"line":43,"column":79}},"type":"binary-expr","locations":[{"start":{"line":43,"column":22},"end":{"line":43,"column":42}},{"start":{"line":43,"column":46},"end":{"line":43,"column":79}}]}},"s":{"0":0,"1":0,"2":0,"3":0,"4":0,"5":0,"6":0,"7":0,"8":0,"9":0,"10":0,"11":0,"12":0,"13":0,"14":0,"15":0,"16":0,"17":0,"18":0},"f":{"0":0,"1":0,"2":0,"3":0,"4":0,"5":0,"6":0,"7":0},"b":{"0":[0,0],"1":[0,0]}}
,"D:\\программирование\\dev\\stellar-burgers\\src\\services\\slices\\userSlice.ts": {"path":"D:\\программирование\\dev\\stellar-burgers\\src\\services\\slices\\userSlice.ts","statementMap":{"0":{"start":{"line":1,"column":0},"end":{"line":1,"column":65}},"1":{"start":{"line":2,"column":0},"end":{"line":2,"column":null}},"2":{"start":{"line":11,"column":0},"end":{"line":11,"column":72}},"3":{"start":{"line":21,"column":33},"end":{"line":26,"column":2}},"4":{"start":{"line":28,"column":13},"end":{"line":36,"column":2}},"5":{"start":{"line":30,"column":25},"end":{"line":35,"column":null}},"6":{"start":{"line":31,"column":21},"end":{"line":31,"column":null}},"7":{"start":{"line":31,"column":10},"end":{"line":31,"column":null}},"8":{"start":{"line":32,"column":4},"end":{"line":32,"column":51}},"9":{"start":{"line":33,"column":4},"end":{"line":33,"column":64}},"10":{"start":{"line":34,"column":4},"end":{"line":34,"column":25}},"11":{"start":{"line":38,"column":13},"end":{"line":46,"column":2}},"12":{"start":{"line":40,"column":28},"end":{"line":45,"column":null}},"13":{"start":{"line":41,"column":21},"end":{"line":41,"column":null}},"14":{"start":{"line":41,"column":10},"end":{"line":41,"column":null}},"15":{"start":{"line":42,"column":4},"end":{"line":42,"column":51}},"16":{"start":{"line":43,"column":4},"end":{"line":43,"column":64}},"17":{"start":{"line":44,"column":4},"end":{"line":44,"column":25}},"18":{"start":{"line":48,"column":13},"end":{"line":52,"column":3}},"19":{"start":{"line":48,"column":58},"end":{"line":52,"column":2}},"20":{"start":{"line":49,"column":2},"end":{"line":49,"column":20}},"21":{"start":{"line":50,"column":2},"end":{"line":50,"column":30}},"22":{"start":{"line":51,"column":2},"end":{"line":51,"column":42}},"23":{"start":{"line":54,"column":13},"end":{"line":61,"column":3}},"24":{"start":{"line":54,"column":60},"end":{"line":61,"column":2}},"25":{"start":{"line":55,"column":8},"end":{"line":55,"column":41}},"26":{"start":{"line":56,"column":2},"end":{"line":58,"column":3}},"27":{"start":{"line":57,"column":4},"end":{"line":57,"column":16}},"28":{"start":{"line":59,"column":19},"end":{"line":59,"column":null}},"29":{"start":{"line":59,"column":8},"end":{"line":59,"column":null}},"30":{"start":{"line":60,"column":2},"end":{"line":60,"column":23}},"31":{"start":{"line":63,"column":13},"end":{"line":69,"column":2}},"32":{"start":{"line":65,"column":37},"end":{"line":68,"column":null}},"33":{"start":{"line":66,"column":21},"end":{"line":66,"column":null}},"34":{"start":{"line":66,"column":10},"end":{"line":66,"column":null}},"35":{"start":{"line":67,"column":4},"end":{"line":67,"column":25}},"36":{"start":{"line":71,"column":18},"end":{"line":128,"column":2}},"37":{"start":{"line":76,"column":4},"end":{"line":123,"column":9}},"38":{"start":{"line":78,"column":8},"end":{"line":78,"column":31}},"39":{"start":{"line":79,"column":8},"end":{"line":79,"column":27}},"40":{"start":{"line":82,"column":8},"end":{"line":82,"column":32}},"41":{"start":{"line":83,"column":8},"end":{"line":83,"column":36}},"42":{"start":{"line":84,"column":8},"end":{"line":84,"column":35}},"43":{"start":{"line":87,"column":8},"end":{"line":87,"column":32}},"44":{"start":{"line":88,"column":8},"end":{"line":88,"column":61}},"45":{"start":{"line":89,"column":8},"end":{"line":89,"column":35}},"46":{"start":{"line":92,"column":8},"end":{"line":92,"column":31}},"47":{"start":{"line":93,"column":8},"end":{"line":93,"column":27}},"48":{"start":{"line":96,"column":8},"end":{"line":96,"column":32}},"49":{"start":{"line":97,"column":8},"end":{"line":97,"column":36}},"50":{"start":{"line":98,"column":8},"end":{"line":98,"column":35}},"51":{"start":{"line":101,"column":8},"end":{"line":101,"column":32}},"52":{"start":{"line":102,"column":8},"end":{"line":102,"column":67}},"53":{"start":{"line":103,"column":8},"end":{"line":103,"column":35}},"54":{"start":{"line":106,"column":8},"end":{"line":106,"column":26}},"55":{"start":{"line":107,"column":8},"end":{"line":107,"column":35}},"56":{"start":{"line":110,"column":8},"end":{"line":110,"column":31}},"57":{"start":{"line":113,"column":8},"end":{"line":113,"column":36}},"58":{"start":{"line":114,"column":8},"end":{"line":114,"column":35}},"59":{"start":{"line":115,"column":8},"end":{"line":115,"column":32}},"60":{"start":{"line":118,"column":8},"end":{"line":118,"column":35}},"61":{"start":{"line":119,"column":8},"end":{"line":119,"column":32}},"62":{"start":{"line":122,"column":8},"end":{"line":122,"column":36}},"63":{"start":{"line":126,"column":35},"end":{"line":126,"column":null}},"64":{"start":{"line":130,"column":15},"end":{"line":130,"column":58}},"65":{"start":{"line":132,"column":0},"end":{"line":132,"column":33}}},"fnMap":{"0":{"name":"(anonymous_13)","decl":{"start":{"line":30,"column":2},"end":{"line":30,"column":9}},"loc":{"start":{"line":30,"column":25},"end":{"line":35,"column":null}}},"1":{"name":"(anonymous_14)","decl":{"start":{"line":30,"column":25},"end":{"line":30,"column":null}},"loc":{"start":{"line":30,"column":25},"end":{"line":35,"column":null}}},"2":{"name":"(anonymous_16)","decl":{"start":{"line":40,"column":2},"end":{"line":40,"column":9}},"loc":{"start":{"line":40,"column":28},"end":{"line":45,"column":null}}},"3":{"name":"(anonymous_17)","decl":{"start":{"line":40,"column":28},"end":{"line":40,"column":null}},"loc":{"start":{"line":40,"column":28},"end":{"line":45,"column":null}}},"4":{"name":"(anonymous_19)","decl":{"start":{"line":48,"column":58},"end":{"line":48,"column":null}},"loc":{"start":{"line":48,"column":58},"end":{"line":52,"column":2}}},"5":{"name":"(anonymous_22)","decl":{"start":{"line":54,"column":60},"end":{"line":54,"column":null}},"loc":{"start":{"line":54,"column":60},"end":{"line":61,"column":2}}},"6":{"name":"(anonymous_25)","decl":{"start":{"line":65,"column":2},"end":{"line":65,"column":9}},"loc":{"start":{"line":65,"column":37},"end":{"line":68,"column":null}}},"7":{"name":"(anonymous_26)","decl":{"start":{"line":65,"column":37},"end":{"line":65,"column":null}},"loc":{"start":{"line":65,"column":37},"end":{"line":68,"column":null}}},"8":{"name":"(anonymous_28)","decl":{"start":{"line":75,"column":17},"end":{"line":75,"column":18}},"loc":{"start":{"line":75,"column":25},"end":{"line":124,"column":3}}},"9":{"name":"(anonymous_29)","decl":{"start":{"line":77,"column":34},"end":{"line":77,"column":35}},"loc":{"start":{"line":77,"column":40},"end":{"line":80,"column":7}}},"10":{"name":"(anonymous_30)","decl":{"start":{"line":81,"column":36},"end":{"line":81,"column":37}},"loc":{"start":{"line":81,"column":50},"end":{"line":85,"column":7}}},"11":{"name":"(anonymous_31)","decl":{"start":{"line":86,"column":35},"end":{"line":86,"column":36}},"loc":{"start":{"line":86,"column":49},"end":{"line":90,"column":7}}},"12":{"name":"(anonymous_32)","decl":{"start":{"line":91,"column":37},"end":{"line":91,"column":38}},"loc":{"start":{"line":91,"column":43},"end":{"line":94,"column":7}}},"13":{"name":"(anonymous_33)","decl":{"start":{"line":95,"column":39},"end":{"line":95,"column":40}},"loc":{"start":{"line":95,"column":53},"end":{"line":99,"column":7}}},"14":{"name":"(anonymous_34)","decl":{"start":{"line":100,"column":38},"end":{"line":100,"column":39}},"loc":{"start":{"line":100,"column":52},"end":{"line":104,"column":7}}},"15":{"name":"(anonymous_35)","decl":{"start":{"line":105,"column":37},"end":{"line":105,"column":38}},"loc":{"start":{"line":105,"column":43},"end":{"line":108,"column":7}}},"16":{"name":"(anonymous_36)","decl":{"start":{"line":109,"column":34},"end":{"line":109,"column":35}},"loc":{"start":{"line":109,"column":40},"end":{"line":111,"column":7}}},"17":{"name":"(anonymous_37)","decl":{"start":{"line":112,"column":36},"end":{"line":112,"column":37}},"loc":{"start":{"line":112,"column":50},"end":{"line":116,"column":7}}},"18":{"name":"(anonymous_38)","decl":{"start":{"line":117,"column":35},"end":{"line":117,"column":36}},"loc":{"start":{"line":117,"column":41},"end":{"line":120,"column":7}}},"19":{"name":"(anonymous_39)","decl":{"start":{"line":121,"column":37},"end":{"line":121,"column":38}},"loc":{"start":{"line":121,"column":51},"end":{"line":123,"column":7}}},"20":{"name":"(anonymous_40)","decl":{"start":{"line":126,"column":24},"end":{"line":126,"column":25}},"loc":{"start":{"line":126,"column":30},"end":{"line":126,"column":null}}}},"branchMap":{"0":{"loc":{"start":{"line":31,"column":21},"end":{"line":31,"column":null}},"type":"switch","locations":[{"start":{"line":31,"column":21},"end":{"line":31,"column":null}}]},"1":{"loc":{"start":{"line":41,"column":21},"end":{"line":41,"column":null}},"type":"switch","locations":[{"start":{"line":41,"column":21},"end":{"line":41,"column":null}}]},"2":{"loc":{"start":{"line":49,"column":2},"end":{"line":49,"column":20}},"type":"switch","locations":[{"start":{"line":49,"column":2},"end":{"line":49,"column":20}}]},"3":{"loc":{"start":{"line":56,"column":2},"end":{"line":58,"column":3}},"type":"if","locations":[{"start":{"line":56,"column":2},"end":{"line":58,"column":3}}]},"4":{"loc":{"start":{"line":66,"column":21},"end":{"line":66,"column":null}},"type":"switch","locations":[{"start":{"line":66,"column":21},"end":{"line":66,"column":null}}]},"5":{"loc":{"start":{"line":88,"column":22},"end":{"line":88,"column":60}},"type":"binary-expr","locations":[{"start":{"line":88,"column":22},"end":{"line":88,"column":42}},{"start":{"line":88,"column":46},"end":{"line":88,"column":60}}]},"6":{"loc":{"start":{"line":102,"column":22},"end":{"line":102,"column":66}},"type":"binary-expr","locations":[{"start":{"line":102,"column":22},"end":{"line":102,"column":42}},{"start":{"line":102,"column":46},"end":{"line":102,"column":66}}]},"7":{"loc":{"start":{"line":126,"column":35},"end":{"line":126,"column":51}},"type":"cond-expr","locations":[{"start":{"line":126,"column":45},"end":{"line":126,"column":47}},{"start":{"line":126,"column":45},"end":{"line":126,"column":51}}]},"8":{"loc":{"start":{"line":126,"column":35},"end":{"line":126,"column":47}},"type":"binary-expr","locations":[{"start":{"line":126,"column":35},"end":{"line":126,"column":47}},{"start":{"line":126,"column":45},"end":{"line":126,"column":47}}]}},"s":{"0":0,"1":0,"2":0,"3":0,"4":0,"5":0,"6":0,"7":0,"8":0,"9":0,"10":0,"11":0,"12":0,"13":0,"14":0,"15":0,"16":0,"17":0,"18":0,"19":0,"20":0,"21":0,"22":0,"23":0,"24":0,"25":0,"26":0,"27":0,"28":0,"29":0,"30":0,"31":0,"32":0,"33":0,"34":0,"35":0,"36":0,"37":0,"38":0,"39":0,"40":0,"41":0,"42":0,"43":0,"44":0,"45":0,"46":0,"47":0,"48":0,"49":0,"50":0,"51":0,"52":0,"53":0,"54":0,"55":0,"56":0,"57":0,"58":0,"59":0,"60":0,"61":0,"62":0,"63":0,"64":0,"65":0},"f":{"0":0,"1":0,"2":0,"3":0,"4":0,"5":0,"6":0,"7":0,"8":0,"9":0,"10":0,"11":0,"12":0,"13":0,"14":0,"15":0,"16":0,"17":0,"18":0,"19":0,"20":0},"b":{"0":[0],"1":[0],"2":[0],"3":[0],"4":[0],"5":[0,0],"6":[0,0],"7":[0,0],"8":[0,0]}}
}
