TN:
SF:src\services\slices\constructorSlice.ts
FN:20,(anonymous_2)
FN:32,(anonymous_3)
FN:39,(anonymous_4)
FN:42,(anonymous_5)
FN:51,(anonymous_6)
FN:57,(anonymous_7)
FN:58,(anonymous_8)
FNF:7
FNH:5
FNDA:12,(anonymous_2)
FNDA:12,(anonymous_3)
FNDA:1,(anonymous_4)
FNDA:1,(anonymous_5)
FNDA:1,(anonymous_6)
FNDA:0,(anonymous_7)
FNDA:0,(anonymous_8)
DA:1,1
DA:3,1
DA:10,1
DA:15,1
DA:24,12
DA:26,12
DA:27,4
DA:29,8
DA:32,12
DA:40,1
DA:46,1
DA:47,1
DA:48,1
DA:49,1
DA:52,1
DA:53,1
DA:57,0
DA:58,0
DA:62,1
DA:65,1
DA:71,1
LF:21
LH:19
BRDA:26,0,0,4
BRDA:26,0,1,8
BRDA:34,1,0,4
BRDA:34,1,1,8
BRF:4
BRH:4
end_of_record
TN:
SF:src\services\slices\feedSlice.ts
FN:21,(anonymous_13)
FN:30,(anonymous_16)
FN:32,(anonymous_17)
FN:36,(anonymous_18)
FN:42,(anonymous_19)
FNF:5
FNH:0
FNDA:0,(anonymous_13)
FNDA:0,(anonymous_16)
FNDA:0,(anonymous_17)
FNDA:0,(anonymous_18)
FNDA:0,(anonymous_19)
DA:1,0
DA:2,0
DA:13,0
DA:21,0
DA:22,0
DA:23,0
DA:26,0
DA:31,0
DA:33,0
DA:34,0
DA:37,0
DA:38,0
DA:39,0
DA:40,0
DA:43,0
DA:44,0
DA:49,0
LF:17
LH:0
BRDA:22,0,0,0
BRDA:44,1,0,0
BRDA:44,1,1,0
BRF:3
BRH:0
end_of_record
TN:
SF:src\services\slices\ingredientsSlice.ts
FN:19,(anonymous_13)
FN:29,(anonymous_16)
FN:31,(anonymous_17)
FN:35,(anonymous_18)
FN:39,(anonymous_19)
FNF:5
FNH:4
FNDA:0,(anonymous_13)
FNDA:1,(anonymous_16)
FNDA:1,(anonymous_17)
FNDA:1,(anonymous_18)
FNDA:1,(anonymous_19)
DA:1,1
DA:2,1
DA:11,1
DA:17,1
DA:19,0
DA:20,0
DA:21,0
DA:25,1
DA:30,1
DA:32,1
DA:33,1
DA:36,1
DA:37,1
DA:40,1
DA:41,1
DA:46,1
LF:16
LH:13
BRDA:20,0,0,0
BRDA:41,1,0,1
BRDA:41,1,1,0
BRF:3
BRH:1
end_of_record
TN:
SF:src\services\slices\orderSlice.ts
FN:24,(anonymous_13)
FN:50,(anonymous_16)
FN:50,(anonymous_17)
FN:60,(anonymous_19)
FN:64,(anonymous_20)
FN:67,(anonymous_21)
FN:71,(anonymous_22)
FN:75,(anonymous_23)
FN:80,(anonymous_24)
FN:84,(anonymous_25)
FN:88,(anonymous_26)
FNF:11
FNH:0
FNDA:0,(anonymous_13)
FNDA:0,(anonymous_16)
FNDA:0,(anonymous_17)
FNDA:0,(anonymous_19)
FNDA:0,(anonymous_20)
FNDA:0,(anonymous_21)
FNDA:0,(anonymous_22)
FNDA:0,(anonymous_23)
FNDA:0,(anonymous_24)
FNDA:0,(anonymous_25)
FNDA:0,(anonymous_26)
DA:1,0
DA:2,0
DA:3,0
DA:14,0
DA:22,0
DA:24,0
DA:26,0
DA:27,0
DA:29,0
DA:39,0
DA:41,0
DA:48,0
DA:50,0
DA:51,0
DA:52,0
DA:56,0
DA:61,0
DA:65,0
DA:68,0
DA:69,0
DA:72,0
DA:73,0
DA:76,0
DA:77,0
DA:81,0
DA:82,0
DA:85,0
DA:86,0
DA:89,0
DA:90,0
DA:95,0
DA:96,0
LF:32
LH:0
BRDA:42,0,0,0
BRDA:42,0,1,0
BRDA:42,1,0,0
BRDA:42,1,1,0
BRDA:51,2,0,0
BRDA:77,3,0,0
BRDA:77,3,1,0
BRDA:90,4,0,0
BRDA:90,4,1,0
BRF:9
BRH:0
end_of_record
TN:
SF:src\services\slices\ordersHistorySlice.ts
FN:19,(anonymous_13)
FN:27,(anonymous_16)
FN:28,(anonymous_17)
FN:29,(anonymous_18)
FN:31,(anonymous_19)
FN:33,(anonymous_20)
FN:37,(anonymous_21)
FN:41,(anonymous_22)
FNF:8
FNH:0
FNDA:0,(anonymous_13)
FNDA:0,(anonymous_16)
FNDA:0,(anonymous_17)
FNDA:0,(anonymous_18)
FNDA:0,(anonymous_19)
FNDA:0,(anonymous_20)
FNDA:0,(anonymous_21)
FNDA:0,(anonymous_22)
DA:1,0
DA:2,0
DA:11,0
DA:17,0
DA:19,0
DA:22,0
DA:27,0
DA:28,0
DA:29,0
DA:32,0
DA:34,0
DA:35,0
DA:38,0
DA:39,0
DA:42,0
DA:43,0
DA:48,0
DA:51,0
LF:18
LH:0
BRDA:19,0,0,0
BRDA:19,0,1,0
BRDA:43,1,0,0
BRDA:43,1,1,0
BRF:4
BRH:0
end_of_record
TN:
SF:src\services\slices\userSlice.ts
FN:30,(anonymous_13)
FN:30,(anonymous_14)
FN:40,(anonymous_16)
FN:40,(anonymous_17)
FN:48,(anonymous_19)
FN:54,(anonymous_22)
FN:65,(anonymous_25)
FN:65,(anonymous_26)
FN:75,(anonymous_28)
FN:77,(anonymous_29)
FN:81,(anonymous_30)
FN:86,(anonymous_31)
FN:91,(anonymous_32)
FN:95,(anonymous_33)
FN:100,(anonymous_34)
FN:105,(anonymous_35)
FN:109,(anonymous_36)
FN:112,(anonymous_37)
FN:117,(anonymous_38)
FN:121,(anonymous_39)
FN:126,(anonymous_40)
FNF:21
FNH:0
FNDA:0,(anonymous_13)
FNDA:0,(anonymous_14)
FNDA:0,(anonymous_16)
FNDA:0,(anonymous_17)
FNDA:0,(anonymous_19)
FNDA:0,(anonymous_22)
FNDA:0,(anonymous_25)
FNDA:0,(anonymous_26)
FNDA:0,(anonymous_28)
FNDA:0,(anonymous_29)
FNDA:0,(anonymous_30)
FNDA:0,(anonymous_31)
FNDA:0,(anonymous_32)
FNDA:0,(anonymous_33)
FNDA:0,(anonymous_34)
FNDA:0,(anonymous_35)
FNDA:0,(anonymous_36)
FNDA:0,(anonymous_37)
FNDA:0,(anonymous_38)
FNDA:0,(anonymous_39)
FNDA:0,(anonymous_40)
DA:1,0
DA:2,0
DA:11,0
DA:21,0
DA:28,0
DA:30,0
DA:31,0
DA:32,0
DA:33,0
DA:34,0
DA:38,0
DA:40,0
DA:41,0
DA:42,0
DA:43,0
DA:44,0
DA:48,0
DA:49,0
DA:50,0
DA:51,0
DA:54,0
DA:55,0
DA:56,0
DA:57,0
DA:59,0
DA:60,0
DA:63,0
DA:65,0
DA:66,0
DA:67,0
DA:71,0
DA:76,0
DA:78,0
DA:79,0
DA:82,0
DA:83,0
DA:84,0
DA:87,0
DA:88,0
DA:89,0
DA:92,0
DA:93,0
DA:96,0
DA:97,0
DA:98,0
DA:101,0
DA:102,0
DA:103,0
DA:106,0
DA:107,0
DA:110,0
DA:113,0
DA:114,0
DA:115,0
DA:118,0
DA:119,0
DA:122,0
DA:126,0
DA:130,0
DA:132,0
LF:60
LH:0
BRDA:31,0,0,0
BRDA:41,1,0,0
BRDA:49,2,0,0
BRDA:56,3,0,0
BRDA:66,4,0,0
BRDA:88,5,0,0
BRDA:88,5,1,0
BRDA:102,6,0,0
BRDA:102,6,1,0
BRDA:126,7,0,0
BRDA:126,7,1,0
BRDA:126,8,0,0
BRDA:126,8,1,0
BRF:13
BRH:0
end_of_record
